<?xml version="1.0" encoding="UTF-8"?>
<!-- Generated by org.testng.reporters.JUnitXMLReporter -->
<testsuite hostname="DESKTOP-GJP5FA5" ignored="0" name="appium_projects" tests="6" failures="0" timestamp="23 Sep 2020 07:02:04 GMT" time="232.251" errors="0">
  <testcase name="createTasks" time="16.477" classname="appium_project.GoogleTask"/>
  <testcase name="createNote" time="10.036" classname="appium_project.GoogleKeep"/>
  <testcase name="createNoteWithReminder" time="13.942" classname="appium_project.GoogleKeepWithReminder"/>
  <testcase name="alchemyToDoList" time="41.969" classname="appium_project.AlchemyToDoList"/>
  <testcase name="alchemyLoginForm" time="25.485" classname="appium_project.AlchemyLoginForm"/>
  <testcase name="alchemyPopupCard" time="38.47" classname="appium_project.AlchemyPopupsCard"/>
</testsuite> <!-- appium_projects -->
