<?xml version="1.0" encoding="UTF-8"?>
<!-- Generated by org.testng.reporters.JUnitXMLReporter -->
<testsuite hostname="DESKTOP-GJP5FA5" ignored="0" name="appium_project" tests="6" failures="3" timestamp="23 Sep 2020 06:38:22 GMT" time="216.837" errors="0">
  <testcase name="createTasks" time="11.782" classname="appium_project.GoogleTask">
    <failure type="org.openqa.selenium.NoSuchElementException" message="An element could not be located on the page using the given search parameters.
For documentation on this error, please visit: http://seleniumhq.org/exceptions/no_such_element.html
Build info: version: &amp;apos;3.141.0&amp;apos;, revision: &amp;apos;2ecb7d9a&amp;apos;, time: &amp;apos;2018-10-31T20:09:30&amp;apos;
System info: host: &amp;apos;DESKTOP-GJP5FA5&amp;apos;, ip: &amp;apos;9.79.230.22&amp;apos;, os.name: &amp;apos;Windows 10&amp;apos;, os.arch: &amp;apos;amd64&amp;apos;, os.version: &amp;apos;10.0&amp;apos;, java.version: &amp;apos;1.8.0_261&amp;apos;
Driver info: io.appium.java_client.android.AndroidDriver
Capabilities {appActivity: .ui.TaskListsActivity, appPackage: com.google.android.apps.tasks, databaseEnabled: false, desired: {appActivity: .ui.TaskListsActivity, appPackage: com.google.android.apps.tasks, deviceId: 97aceef8, deviceName: OnePlus GM1901, noReset: true, platformName: android}, deviceApiLevel: 29, deviceId: 97aceef8, deviceManufacturer: OnePlus, deviceModel: GM1901, deviceName: 97aceef8, deviceScreenDensity: 420, deviceScreenSize: 1080x2340, deviceUDID: 97aceef8, javascriptEnabled: true, locationContextEnabled: false, networkConnectionEnabled: true, noReset: true, pixelRatio: 2.625, platform: LINUX, platformName: Android, platformVersion: 10, statBarHeight: 80, takesScreenshot: true, viewportRect: {height: 2180, left: 0, top: 80, width: 1080}, warnings: {}, webStorageEnabled: false}
Session ID: bf4320fe-d863-450e-ae63-80f67baa93f4
*** Element info: {Using=id, value=add_task_title}">
      <![CDATA[org.openqa.selenium.NoSuchElementException: An element could not be located on the page using the given search parameters.
For documentation on this error, please visit: http://seleniumhq.org/exceptions/no_such_element.html
Build info: version: '3.141.0', revision: '2ecb7d9a', time: '2018-10-31T20:09:30'
System info: host: 'DESKTOP-GJP5FA5', ip: '9.79.230.22', os.name: 'Windows 10', os.arch: 'amd64', os.version: '10.0', java.version: '1.8.0_261'
Driver info: io.appium.java_client.android.AndroidDriver
Capabilities {appActivity: .ui.TaskListsActivity, appPackage: com.google.android.apps.tasks, databaseEnabled: false, desired: {appActivity: .ui.TaskListsActivity, appPackage: com.google.android.apps.tasks, deviceId: 97aceef8, deviceName: OnePlus GM1901, noReset: true, platformName: android}, deviceApiLevel: 29, deviceId: 97aceef8, deviceManufacturer: OnePlus, deviceModel: GM1901, deviceName: 97aceef8, deviceScreenDensity: 420, deviceScreenSize: 1080x2340, deviceUDID: 97aceef8, javascriptEnabled: true, locationContextEnabled: false, networkConnectionEnabled: true, noReset: true, pixelRatio: 2.625, platform: LINUX, platformName: Android, platformVersion: 10, statBarHeight: 80, takesScreenshot: true, viewportRect: {height: 2180, left: 0, top: 80, width: 1080}, warnings: {}, webStorageEnabled: false}
Session ID: bf4320fe-d863-450e-ae63-80f67baa93f4
*** Element info: {Using=id, value=add_task_title}
at org.openqa.selenium.remote.http.W3CHttpResponseCodec.createException(W3CHttpResponseCodec.java:187)
at org.openqa.selenium.remote.http.W3CHttpResponseCodec.decode(W3CHttpResponseCodec.java:122)
at org.openqa.selenium.remote.http.W3CHttpResponseCodec.decode(W3CHttpResponseCodec.java:49)
at org.openqa.selenium.remote.HttpCommandExecutor.execute(HttpCommandExecutor.java:158)
at io.appium.java_client.remote.AppiumCommandExecutor.execute(AppiumCommandExecutor.java:239)
at org.openqa.selenium.remote.RemoteWebDriver.execute(RemoteWebDriver.java:552)
at io.appium.java_client.DefaultGenericMobileDriver.execute(DefaultGenericMobileDriver.java:41)
at io.appium.java_client.AppiumDriver.execute(AppiumDriver.java:1)
at io.appium.java_client.android.AndroidDriver.execute(AndroidDriver.java:1)
at org.openqa.selenium.remote.RemoteWebDriver.findElement(RemoteWebDriver.java:323)
at io.appium.java_client.DefaultGenericMobileDriver.findElement(DefaultGenericMobileDriver.java:61)
at io.appium.java_client.AppiumDriver.findElement(AppiumDriver.java:1)
at io.appium.java_client.android.AndroidDriver.findElement(AndroidDriver.java:1)
at org.openqa.selenium.remote.RemoteWebDriver.findElementById(RemoteWebDriver.java:372)
at io.appium.java_client.DefaultGenericMobileDriver.findElementById(DefaultGenericMobileDriver.java:69)
at io.appium.java_client.AppiumDriver.findElementById(AppiumDriver.java:1)
at io.appium.java_client.android.AndroidDriver.findElementById(AndroidDriver.java:1)
at appium_project.GoogleTask.createTasks(GoogleTask.java:49)
... Removed 29 stack frames]]>
    </failure>
  </testcase> <!-- createTasks -->
  <testcase name="createNote" time="11.252" classname="appium_project.GoogleKeep">
    <failure type="org.openqa.selenium.NoSuchElementException" message="An element could not be located on the page using the given search parameters.
For documentation on this error, please visit: http://seleniumhq.org/exceptions/no_such_element.html
Build info: version: &amp;apos;3.141.0&amp;apos;, revision: &amp;apos;2ecb7d9a&amp;apos;, time: &amp;apos;2018-10-31T20:09:30&amp;apos;
System info: host: &amp;apos;DESKTOP-GJP5FA5&amp;apos;, ip: &amp;apos;9.79.230.22&amp;apos;, os.name: &amp;apos;Windows 10&amp;apos;, os.arch: &amp;apos;amd64&amp;apos;, os.version: &amp;apos;10.0&amp;apos;, java.version: &amp;apos;1.8.0_261&amp;apos;
Driver info: io.appium.java_client.android.AndroidDriver
Capabilities {appActivity: .activities.BrowseActivity, appPackage: com.google.android.keep, databaseEnabled: false, desired: {appActivity: .activities.BrowseActivity, appPackage: com.google.android.keep, deviceId: 97aceef8, deviceName: OnePlus GM1901, noReset: true, platformName: android}, deviceApiLevel: 29, deviceId: 97aceef8, deviceManufacturer: OnePlus, deviceModel: GM1901, deviceName: 97aceef8, deviceScreenDensity: 420, deviceScreenSize: 1080x2340, deviceUDID: 97aceef8, javascriptEnabled: true, locationContextEnabled: false, networkConnectionEnabled: true, noReset: true, pixelRatio: 2.625, platform: LINUX, platformName: Android, platformVersion: 10, statBarHeight: 80, takesScreenshot: true, viewportRect: {height: 2180, left: 0, top: 80, width: 1080}, warnings: {}, webStorageEnabled: false}
Session ID: fe1fb4ef-efef-4108-915b-0d1a7566ad0e
*** Element info: {Using=id, value=editable_title}">
      <![CDATA[org.openqa.selenium.NoSuchElementException: An element could not be located on the page using the given search parameters.
For documentation on this error, please visit: http://seleniumhq.org/exceptions/no_such_element.html
Build info: version: '3.141.0', revision: '2ecb7d9a', time: '2018-10-31T20:09:30'
System info: host: 'DESKTOP-GJP5FA5', ip: '9.79.230.22', os.name: 'Windows 10', os.arch: 'amd64', os.version: '10.0', java.version: '1.8.0_261'
Driver info: io.appium.java_client.android.AndroidDriver
Capabilities {appActivity: .activities.BrowseActivity, appPackage: com.google.android.keep, databaseEnabled: false, desired: {appActivity: .activities.BrowseActivity, appPackage: com.google.android.keep, deviceId: 97aceef8, deviceName: OnePlus GM1901, noReset: true, platformName: android}, deviceApiLevel: 29, deviceId: 97aceef8, deviceManufacturer: OnePlus, deviceModel: GM1901, deviceName: 97aceef8, deviceScreenDensity: 420, deviceScreenSize: 1080x2340, deviceUDID: 97aceef8, javascriptEnabled: true, locationContextEnabled: false, networkConnectionEnabled: true, noReset: true, pixelRatio: 2.625, platform: LINUX, platformName: Android, platformVersion: 10, statBarHeight: 80, takesScreenshot: true, viewportRect: {height: 2180, left: 0, top: 80, width: 1080}, warnings: {}, webStorageEnabled: false}
Session ID: fe1fb4ef-efef-4108-915b-0d1a7566ad0e
*** Element info: {Using=id, value=editable_title}
at org.openqa.selenium.remote.http.W3CHttpResponseCodec.createException(W3CHttpResponseCodec.java:187)
at org.openqa.selenium.remote.http.W3CHttpResponseCodec.decode(W3CHttpResponseCodec.java:122)
at org.openqa.selenium.remote.http.W3CHttpResponseCodec.decode(W3CHttpResponseCodec.java:49)
at org.openqa.selenium.remote.HttpCommandExecutor.execute(HttpCommandExecutor.java:158)
at io.appium.java_client.remote.AppiumCommandExecutor.execute(AppiumCommandExecutor.java:239)
at org.openqa.selenium.remote.RemoteWebDriver.execute(RemoteWebDriver.java:552)
at io.appium.java_client.DefaultGenericMobileDriver.execute(DefaultGenericMobileDriver.java:41)
at io.appium.java_client.AppiumDriver.execute(AppiumDriver.java:1)
at io.appium.java_client.android.AndroidDriver.execute(AndroidDriver.java:1)
at org.openqa.selenium.remote.RemoteWebDriver.findElement(RemoteWebDriver.java:323)
at io.appium.java_client.DefaultGenericMobileDriver.findElement(DefaultGenericMobileDriver.java:61)
at io.appium.java_client.AppiumDriver.findElement(AppiumDriver.java:1)
at io.appium.java_client.android.AndroidDriver.findElement(AndroidDriver.java:1)
at org.openqa.selenium.remote.RemoteWebDriver.findElementById(RemoteWebDriver.java:372)
at io.appium.java_client.DefaultGenericMobileDriver.findElementById(DefaultGenericMobileDriver.java:69)
at io.appium.java_client.AppiumDriver.findElementById(AppiumDriver.java:1)
at io.appium.java_client.android.AndroidDriver.findElementById(AndroidDriver.java:1)
at appium_project.GoogleKeep.createNote(GoogleKeep.java:44)
... Removed 29 stack frames]]>
    </failure>
  </testcase> <!-- createNote -->
  <testcase name="createNoteWithReminder" time="11.066" classname="appium_project.GoogleKeepWithReminder">
    <failure type="org.openqa.selenium.NoSuchElementException" message="An element could not be located on the page using the given search parameters.
For documentation on this error, please visit: http://seleniumhq.org/exceptions/no_such_element.html
Build info: version: &amp;apos;3.141.0&amp;apos;, revision: &amp;apos;2ecb7d9a&amp;apos;, time: &amp;apos;2018-10-31T20:09:30&amp;apos;
System info: host: &amp;apos;DESKTOP-GJP5FA5&amp;apos;, ip: &amp;apos;9.79.230.22&amp;apos;, os.name: &amp;apos;Windows 10&amp;apos;, os.arch: &amp;apos;amd64&amp;apos;, os.version: &amp;apos;10.0&amp;apos;, java.version: &amp;apos;1.8.0_261&amp;apos;
Driver info: io.appium.java_client.android.AndroidDriver
Capabilities {appActivity: .activities.BrowseActivity, appPackage: com.google.android.keep, databaseEnabled: false, desired: {appActivity: .activities.BrowseActivity, appPackage: com.google.android.keep, deviceId: 97aceef8, deviceName: OnePlus GM1901, noReset: true, platformName: android}, deviceApiLevel: 29, deviceId: 97aceef8, deviceManufacturer: OnePlus, deviceModel: GM1901, deviceName: 97aceef8, deviceScreenDensity: 420, deviceScreenSize: 1080x2340, deviceUDID: 97aceef8, javascriptEnabled: true, locationContextEnabled: false, networkConnectionEnabled: true, noReset: true, pixelRatio: 2.625, platform: LINUX, platformName: Android, platformVersion: 10, statBarHeight: 80, takesScreenshot: true, viewportRect: {height: 2180, left: 0, top: 80, width: 1080}, warnings: {}, webStorageEnabled: false}
Session ID: 20e1c37b-8969-4d0d-a642-d3069da48a5b
*** Element info: {Using=id, value=editable_title}">
      <![CDATA[org.openqa.selenium.NoSuchElementException: An element could not be located on the page using the given search parameters.
For documentation on this error, please visit: http://seleniumhq.org/exceptions/no_such_element.html
Build info: version: '3.141.0', revision: '2ecb7d9a', time: '2018-10-31T20:09:30'
System info: host: 'DESKTOP-GJP5FA5', ip: '9.79.230.22', os.name: 'Windows 10', os.arch: 'amd64', os.version: '10.0', java.version: '1.8.0_261'
Driver info: io.appium.java_client.android.AndroidDriver
Capabilities {appActivity: .activities.BrowseActivity, appPackage: com.google.android.keep, databaseEnabled: false, desired: {appActivity: .activities.BrowseActivity, appPackage: com.google.android.keep, deviceId: 97aceef8, deviceName: OnePlus GM1901, noReset: true, platformName: android}, deviceApiLevel: 29, deviceId: 97aceef8, deviceManufacturer: OnePlus, deviceModel: GM1901, deviceName: 97aceef8, deviceScreenDensity: 420, deviceScreenSize: 1080x2340, deviceUDID: 97aceef8, javascriptEnabled: true, locationContextEnabled: false, networkConnectionEnabled: true, noReset: true, pixelRatio: 2.625, platform: LINUX, platformName: Android, platformVersion: 10, statBarHeight: 80, takesScreenshot: true, viewportRect: {height: 2180, left: 0, top: 80, width: 1080}, warnings: {}, webStorageEnabled: false}
Session ID: 20e1c37b-8969-4d0d-a642-d3069da48a5b
*** Element info: {Using=id, value=editable_title}
at org.openqa.selenium.remote.http.W3CHttpResponseCodec.createException(W3CHttpResponseCodec.java:187)
at org.openqa.selenium.remote.http.W3CHttpResponseCodec.decode(W3CHttpResponseCodec.java:122)
at org.openqa.selenium.remote.http.W3CHttpResponseCodec.decode(W3CHttpResponseCodec.java:49)
at org.openqa.selenium.remote.HttpCommandExecutor.execute(HttpCommandExecutor.java:158)
at io.appium.java_client.remote.AppiumCommandExecutor.execute(AppiumCommandExecutor.java:239)
at org.openqa.selenium.remote.RemoteWebDriver.execute(RemoteWebDriver.java:552)
at io.appium.java_client.DefaultGenericMobileDriver.execute(DefaultGenericMobileDriver.java:41)
at io.appium.java_client.AppiumDriver.execute(AppiumDriver.java:1)
at io.appium.java_client.android.AndroidDriver.execute(AndroidDriver.java:1)
at org.openqa.selenium.remote.RemoteWebDriver.findElement(RemoteWebDriver.java:323)
at io.appium.java_client.DefaultGenericMobileDriver.findElement(DefaultGenericMobileDriver.java:61)
at io.appium.java_client.AppiumDriver.findElement(AppiumDriver.java:1)
at io.appium.java_client.android.AndroidDriver.findElement(AndroidDriver.java:1)
at org.openqa.selenium.remote.RemoteWebDriver.findElementById(RemoteWebDriver.java:372)
at io.appium.java_client.DefaultGenericMobileDriver.findElementById(DefaultGenericMobileDriver.java:69)
at io.appium.java_client.AppiumDriver.findElementById(AppiumDriver.java:1)
at io.appium.java_client.android.AndroidDriver.findElementById(AndroidDriver.java:1)
at appium_project.GoogleKeepWithReminder.createNoteWithReminder(GoogleKeepWithReminder.java:49)
... Removed 29 stack frames]]>
    </failure>
  </testcase> <!-- createNoteWithReminder -->
  <testcase name="alchemyToDoList" time="39.515" classname="appium_project.AlchemyToDoList"/>
  <testcase name="alchemyLoginForm" time="26.092" classname="appium_project.AlchemyLoginForm"/>
  <testcase name="alchemyPopupCard" time="25.138" classname="appium_project.AlchemyPopupsCard"/>
</testsuite> <!-- appium_project -->
